0 info it worked if it ends with ok
1 verbose cli [ 'C:\\Program Files\\nodejs\\node.exe',
1 verbose cli   'C:\\Program Files\\nodejs\\node_modules\\npm\\bin\\npm-cli.js',
1 verbose cli   'install',
1 verbose cli   '-g',
1 verbose cli   '@angular/cli' ]
2 info using npm@3.10.10
3 info using node@v6.10.2
4 silly loadCurrentTree Starting
5 silly install loadCurrentTree
6 silly install readGlobalPackageData
7 silly fetchPackageMetaData @angular/cli
8 silly fetchNamedPackageData @angular/cli
9 silly mapToRegistry name @angular/cli
10 silly mapToRegistry scope (from package name) @angular
11 verbose mapToRegistry no registry URL found in name for scope @angular
12 silly mapToRegistry using default registry
13 silly mapToRegistry registry https://registry.npmjs.org/
14 silly mapToRegistry data Result {
14 silly mapToRegistry   raw: '@angular/cli',
14 silly mapToRegistry   scope: '@angular',
14 silly mapToRegistry   escapedName: '@angular%2fcli',
14 silly mapToRegistry   name: '@angular/cli',
14 silly mapToRegistry   rawSpec: '',
14 silly mapToRegistry   spec: 'latest',
14 silly mapToRegistry   type: 'tag' }
15 silly mapToRegistry uri https://registry.npmjs.org/@angular%2fcli
16 verbose request uri https://registry.npmjs.org/@angular%2fcli
17 verbose request no auth needed
18 info attempt registry request try #1 at 7:43:41 PM
19 verbose request id a4dd851439d989e4
20 verbose etag W/"58e39986-eaa2"
21 verbose lastModified Tue, 04 Apr 2017 13:03:02 GMT
22 http request GET https://registry.npmjs.org/@angular%2fcli
23 info retry will retry, error on last attempt: Error: getaddrinfo ENOTFOUND registry.npmjs.org registry.npmjs.org:443
24 info attempt registry request try #2 at 7:44:03 PM
25 verbose etag W/"58e39986-eaa2"
26 verbose lastModified Tue, 04 Apr 2017 13:03:02 GMT
27 http request GET https://registry.npmjs.org/@angular%2fcli
28 verbose stack Error: kill ENOSYS
28 verbose stack     at exports._errnoException (util.js:1018:11)
28 verbose stack     at process.kill (internal/process.js:190:13)
28 verbose stack     at process.listener (C:\Program Files\nodejs\node_modules\npm\node_modules\npmlog\node_modules\gauge\node_modules\signal-exit\index.js:86:15)
28 verbose stack     at emitNone (events.js:91:20)
28 verbose stack     at process.emit (events.js:185:7)
28 verbose stack     at processEmit (C:\Program Files\nodejs\node_modules\npm\node_modules\npmlog\node_modules\gauge\node_modules\signal-exit\index.js:146:32)
28 verbose stack     at processEmit (C:\Program Files\nodejs\node_modules\npm\node_modules\npm-registry-client\node_modules\npmlog\node_modules\gauge\node_modules\signal-exit\index.js:146:32)
28 verbose stack     at Signal.wrap.onsignal (internal/process.js:217:44)
29 verbose cwd C:\Users\Nick\Desktop\angular
30 error Windows_NT 10.0.15063
31 error argv "C:\\Program Files\\nodejs\\node.exe" "C:\\Program Files\\nodejs\\node_modules\\npm\\bin\\npm-cli.js" "install" "-g" "@angular/cli"
32 error node v6.10.2
33 error npm  v3.10.10
34 error code ENOSYS
35 error errno ENOSYS
36 error syscall kill
37 error kill ENOSYS
38 error If you need help, you may report this error at:
38 error     <https://github.com/npm/npm/issues>
39 verbose exit [ 1, true ]
